outputs/mapping/release/seeds.txt
io.flutter.plugins.googlemobileads.R$id: int tag_accessibility_actions
io.flutter.view.FlutterView: io.flutter.embedding.engine.renderer.FlutterRenderer flutterRenderer
io.flutter.plugins.pathprovider.R$attr: int finishPrimaryWithPlaceholder
io.flutter.embedding.android.FlutterFragment$NewEngineFragmentBuilder: io.flutter.embedding.android.TransparencyMode transparencyMode
io.flutter.plugin.platform.PlatformViewWrapper$1: io.flutter.plugin.platform.PlatformViewWrapper this$0
androidx.lifecycle.ProcessLifecycleOwner$attach$1$onActivityPreCreated$1: androidx.lifecycle.ProcessLifecycleOwner this$0
io.flutter.embedding.engine.FlutterEngine: io.flutter.embedding.engine.dart.DartExecutor dartExecutor
io.flutter.plugins.sharedpreferences.SharedPreferencesPlugin$getString$1: kotlin.jvm.internal.Ref$ObjectRef $value
com.tencent.bugly.crashreport.common.strategy.StrategyBean: java.util.Map t
io.flutter.embedding.android.RenderMode: io.flutter.embedding.android.RenderMode[] $VALUES
io.flutter.embedding.android.KeyboardMap$TogglingGoal: boolean enabled
io.flutter.embedding.engine.FlutterShellArgs: java.lang.String ARG_SKIA_DETERMINISTIC_RENDERING
com.google.android.gms.internal.ads.zzaan: android.os.Parcelable$Creator CREATOR
io.flutter.plugins.pathprovider.R$animator: int fragment_close_exit
com.tencent.bugly.beta.global.e: java.lang.String R
io.flutter.plugins.googlemobileads.FlutterAd$FlutterAdError: int code
com.tencent.bugly.crashreport.crash.CrashDetailBean: java.util.Map i
com.google.android.gms.internal.ads.zzbel: int zzf
io.flutter.embedding.engine.renderer.SurfaceTextureSurfaceProducer: io.flutter.view.TextureRegistry$SurfaceTextureEntry texture
io.flutter.plugins.pathprovider.Messages$StorageDirectory: io.flutter.plugins.pathprovider.Messages$StorageDirectory DCIM
io.flutter.plugin.editing.TextEditingDelta: java.lang.CharSequence deltaText
com.google.android.gms.internal.ads.zzbdf: com.google.android.gms.internal.ads.zzbdf zze
io.flutter.embedding.android.KeyboardMap: java.util.HashMap scanCodeToPhysical
com.google.android.gms.internal.ads.zzajp: long zzK
com.tencent.bugly.a: java.lang.String versionKey
io.flutter.embedding.engine.dart.DartExecutor$DartEntrypoint: java.lang.String pathToBundle
com.google.android.gms.internal.ads.zzbdy: com.google.android.gms.internal.ads.zzbeh zzf
com.tencent.bugly.proguard.qa: int d
io.flutter.plugin.platform.SingleViewFakeWindowViewGroup: android.graphics.Rect childRect
com.tencent.bugly.beta.tinker.TinkerReport: int KEY_LOADED_PACKAGE_CHECK_DEX_META
io.flutter.plugins.urllauncher.R$dimen: int notification_small_icon_background_padding
io.flutter.plugins.urllauncher.R$styleable: int[] Fragment
com.tencent.bugly.proguard.X: java.lang.String a
com.google.android.gms.auth.api.signin.GoogleSignInAccount: android.os.Parcelable$Creator CREATOR
com.tencent.bugly.crashreport.crash.h: java.lang.String j
io.flutter.plugins.urllauncher.UrlLauncher: java.lang.String TAG
io.flutter.embedding.engine.FlutterEngine: io.flutter.embedding.engine.systemchannels.MouseCursorChannel mouseCursorChannel
com.tencent.bugly.beta.ui.UpgradeDialog: android.view.View$OnClickListener stopTaskListener
io.flutter.view.AccessibilityBridge$Flag: io.flutter.view.AccessibilityBridge$Flag IS_CHECKED
io.flutter.embedding.engine.renderer.FlutterRenderer$SurfaceTextureRegistryEntry: io.flutter.embedding.engine.renderer.FlutterRenderer this$0
io.flutter.embedding.engine.systemchannels.PlatformChannel$2: int[] $SwitchMap$io$flutter$embedding$engine$systemchannels$PlatformChannel$SystemUiOverlay
com.google.android.gms.internal.ads.zzajr: int zze
io.flutter.embedding.engine.systemchannels.PlatformViewsChannel$PlatformViewTouch: int deviceId
io.flutter.embedding.engine.systemchannels.PlatformViewsChannel: io.flutter.embedding.engine.systemchannels.PlatformViewsChannel$PlatformViewsHandler handler
com.google.android.gms.internal.ads.zzbca: com.google.android.gms.internal.ads.zzbca zzb