outputs/mapping/release/mapping.txt
# compiler: R8
# compiler_version: 3.2.47
# min_api: 23
# common_typos_disable
# {"id":"com.android.tools.r8.mapping","version":"2.0"}
# pg_map_id: 1b067c8
# pg_map_hash: SHA-256 1b067c8710f3e6d6ee550832368c5e1567f8a338d33b0e278887d95ad95f96de
...
com.google.android.gms.internal.ads.zzajy -> i4.j9:
    java.lang.Object zzb(int,java.lang.Object,java.lang.Object) -> E
    long zza() -> F
    com.google.android.gms.internal.ads.zzajy zzc() -> G
    com.google.android.gms.internal.ads.zzajy zzd() -> H
    boolean zze() -> I
com.google.android.gms.internal.ads.zzajz -> i4.k9:
com.google.android.gms.internal.ads.zzak -> i4.l9:
com.google.android.gms.internal.ads.zzaka -> i4.m9:
    java.lang.Object zzb(int,java.lang.Object,java.lang.Object) -> E
    com.google.android.gms.internal.ads.zzaka zza() -> F
com.google.android.gms.internal.ads.zzakb -> i4.n9:
    com.google.android.gms.internal.ads.zzakb zza(com.google.android.gms.internal.ads.zzgjf) -> u
    com.google.android.gms.internal.ads.zzakb zzb(com.google.android.gms.internal.ads.zzgjf) -> v
    com.google.android.gms.internal.ads.zzakb zzc(int) -> w
com.google.android.gms.internal.ads.zzakc -> i4.o9:
    java.lang.Object zzb(int,java.lang.Object,java.lang.Object) -> E
    com.google.android.gms.internal.ads.zzakb zza() -> F
    com.google.android.gms.internal.ads.zzakc zzc() -> G
    void zzd(com.google.android.gms.internal.ads.zzakc,com.google.android.gms.internal.ads.zzgjf) -> H
    void zze(com.google.android.gms.internal.ads.zzakc,com.google.android.gms.internal.ads.zzgjf) -> I
    void zzf(com.google.android.gms.internal.ads.zzakc,int) -> J
com.google.android.gms.internal.ads.zzakd -> i4.p9:
    java.lang.String zza -> a
    java.util.HashMap zza(java.lang.String) -> a
    java.util.HashMap zzb() -> b
com.google.android.gms.internal.ads.zzake -> i4.q9:
    java.lang.String zza(byte[],boolean) -> a
    byte[] zzb(java.lang.String,boolean) -> b
com.google.android.gms.internal.ads.zzakf -> i4.r9:
    java.lang.String zze -> f
    long zzb -> c
    java.lang.String zza -> b
    java.lang.String zzd -> e
    java.lang.String zzc -> d
    java.util.HashMap zzb() -> b
com.google.android.gms.internal.ads.zzakg -> i4.s9:
com.google.android.gms.internal.ads.zzakh -> i4.t9:
com.google.android.gms.internal.ads.zzaki -> i4.u9:
    java.lang.Object zze -> d
    java.security.MessageDigest zzc -> b
    java.lang.Object zzd -> c
    boolean zza -> a
    java.util.concurrent.CountDownLatch zzb -> e
    java.lang.String zza(com.google.android.gms.internal.ads.zzajp,java.lang.String) -> a
    java.util.Vector zzb(byte[],int) -> b
    void zzc(java.security.MessageDigest) -> c
    void zzd() -> d
    byte[] zze(byte[]) -> e
    com.google.android.gms.internal.ads.zzajp zzf(int) -> f
    byte[] zzg(byte[],java.lang.String,boolean) -> g
com.google.android.gms.internal.ads.zzakj -> i4.v9:
    void zza(byte[],byte[]) -> a
com.google.android.gms.internal.ads.zzakk -> i4.w9:
com.google.android.gms.internal.ads.zzakl -> i4.x9:
    com.google.android.gms.internal.ads.zzali zza -> a
    void zza(byte[],byte[]) -> a
com.google.android.gms.internal.ads.zzakm -> i4.y9:
com.google.android.gms.internal.ads.zzakn -> i4.z9:
com.google.android.gms.internal.ads.zzako -> i4.aa:
    com.google.android.gms.internal.ads.zzali zza -> a
    void zza(byte[],byte[]) -> a
com.google.android.gms.internal.ads.zzakp -> i4.ba:
com.google.android.gms.internal.ads.zzakq -> i4.ca:
    com.google.android.gms.internal.ads.zzali zza -> a
    void zza(byte[],byte[]) -> a
com.google.android.gms.internal.ads.zzakr -> i4.da:
    com.google.android.gms.internal.ads.zzali zza -> a
    void zza(byte[],byte[]) -> a
com.google.android.gms.internal.ads.zzaks -> i4.ea:
com.google.android.gms.internal.ads.zzakt -> i4.fa:
    com.google.android.gms.internal.ads.zzali zza -> a
    void zza(byte[],byte[]) -> a
com.google.android.gms.internal.ads.zzaku -> i4.ga:
com.google.android.gms.internal.ads.zzakv -> i4.ha:
    com.google.android.gms.internal.ads.zzali zza -> a
    void zza(byte[],byte[]) -> a
com.google.android.gms.internal.ads.zzakw -> i4.ia:
com.google.android.gms.internal.ads.zzakx -> i4.ja:
    com.google.android.gms.internal.ads.zzali zza -> a
    void zza(byte[],byte[]) -> a