outputs/mapping/release/usage.txt
androidx.browser.browseractions.BrowserActionsFallbackMenuAdapter$1
androidx.browser.browseractions.BrowserActionsFallbackMenuAdapter$2
androidx.browser.browseractions.BrowserActionsFallbackMenuAdapter$ViewHolderItem
androidx.browser.browseractions.BrowserActionsFallbackMenuAdapter
androidx.browser.browseractions.BrowserActionsFallbackMenuDialog$1
androidx.browser.browseractions.BrowserActionsFallbackMenuDialog
androidx.browser.browseractions.BrowserActionsFallbackMenuUi$1
androidx.browser.browseractions.BrowserActionsFallbackMenuUi$2
androidx.browser.browseractions.BrowserActionsFallbackMenuUi$3
androidx.browser.browseractions.BrowserActionsFallbackMenuUi$BrowserActionsFallMenuUiListener
androidx.browser.browseractions.BrowserActionsFallbackMenuUi
androidx.browser.browseractions.BrowserActionsIntent$BrowserActionsFallDialogListener
androidx.browser.browseractions.BrowserActionsIntent$BrowserActionsItemId
androidx.browser.browseractions.BrowserActionsIntent$BrowserActionsUrlType
androidx.browser.browseractions.BrowserActionsIntent$Builder
androidx.browser.browseractions.BrowserActionsIntent
androidx.browser.browseractions.BrowserServiceFileProvider$1
androidx.browser.browseractions.BrowserServiceFileProvider$FileCleanupTask
androidx.browser.browseractions.BrowserServiceFileProvider$FileSaveTask
androidx.browser.browseractions.BrowserServiceFileProvider
androidx.browser.customtabs.Api33Impl
androidx.browser.customtabs.CustomTabColorSchemeParams$Builder:
    public androidx.browser.customtabs.CustomTabColorSchemeParams$Builder setNavigationBarColor(int)
    public androidx.browser.customtabs.CustomTabColorSchemeParams$Builder setNavigationBarDividerColor(int)
    public androidx.browser.customtabs.CustomTabColorSchemeParams$Builder setSecondaryToolbarColor(int)
    public androidx.browser.customtabs.CustomTabColorSchemeParams$Builder setToolbarColor(int)
androidx.browser.customtabs.CustomTabColorSchemeParams:
    static androidx.browser.customtabs.CustomTabColorSchemeParams fromBundle(android.os.Bundle)
    androidx.browser.customtabs.CustomTabColorSchemeParams withDefaults(androidx.browser.customtabs.CustomTabColorSchemeParams)
androidx.browser.customtabs.CustomTabsCallback$ActivityLayoutState
androidx.browser.customtabs.CustomTabsCallback:
    public static final int ACTIVITY_LAYOUT_STATE_BOTTOM_SHEET
    public static final int ACTIVITY_LAYOUT_STATE_BOTTOM_SHEET_MAXIMIZED
    public static final int ACTIVITY_LAYOUT_STATE_FULL_SCREEN
    public static final int ACTIVITY_LAYOUT_STATE_SIDE_SHEET
    public static final int ACTIVITY_LAYOUT_STATE_SIDE_SHEET_MAXIMIZED
    public static final int ACTIVITY_LAYOUT_STATE_UNKNOWN
    public static final int NAVIGATION_ABORTED
    public static final int NAVIGATION_FAILED
    public static final int NAVIGATION_FINISHED
    public static final int NAVIGATION_STARTED
    public static final java.lang.String ONLINE_EXTRAS_KEY
    public static final int TAB_HIDDEN
    public static final int TAB_SHOWN
    public void <init>()
androidx.browser.customtabs.CustomTabsClient$1